[2023-12-26 22:04:29] {main.py:188} INFO     | [2023-12-26 19:04:29.238240] unknown:unknown 200 | 0.00 | GET | /docs
[2023-12-26 22:04:29] {main.py:188} INFO     | [2023-12-26 19:04:29.551100] unknown:unknown 200 | 0.00 | GET | /openapi.json
[2023-12-26 22:04:40] {main.py:188} INFO     | [2023-12-26 19:04:40.174067] unknown:unknown 400 | 0.01 | POST | /int_to_roman
[2023-12-26 22:04:50] {main.py:188} INFO     | [2023-12-26 19:04:50.388856] unknown:unknown 200 | 0.00 | POST | /int_to_roman
[2023-12-27 11:53:01] {main.py:195} INFO     - | [2023-12-27 08:53:01.070704] unknown:unknown 404 | 0.00 | GET | / |
[2023-12-27 11:53:04] {main.py:195} INFO     - | [2023-12-27 08:53:04.651878] unknown:unknown 200 | 0.00 | GET | /docs |
[2023-12-27 11:53:04] {main.py:195} INFO     - | [2023-12-27 08:53:04.870166] unknown:unknown 200 | 0.01 | GET | /openapi.json |
[2023-12-27 11:53:14] {main.py:195} INFO     - | [2023-12-27 08:53:14.132462] unknown:unknown 200 | 0.02 | POST | /upload_file |
[2023-12-27 11:53:59] {main.py:195} INFO     - | [2023-12-27 08:53:59.067606] unknown:unknown 200 | 0.02 | GET | /download_file/dabf8fb4-507a-4184-980a-671146a31ded |
[2023-12-27 11:56:16] {main.py:195} INFO     - | [2023-12-27 08:56:16.092553] unknown:unknown 200 | 0.00 | GET | /docs |
[2023-12-27 11:56:16] {main.py:195} INFO     - | [2023-12-27 08:56:16.341387] unknown:unknown 200 | 0.01 | GET | /openapi.json |
[2023-12-27 11:56:30] {main.py:195} INFO     - | [2023-12-27 08:56:30.262046] unknown:unknown 200 | 0.03 | POST | /upload_file |
[2023-12-27 11:56:41] {main.py:195} INFO     - | [2023-12-27 08:56:41.930381] unknown:unknown 404 | 0.00 | GET | /download_file/28b9f2ae-6337-410a-82d7-890cb0c518cb |
[2023-12-27 11:57:02] {main.py:195} INFO     - | [2023-12-27 08:57:02.727569] unknown:unknown 200 | 0.01 | GET | /download_file/28b9f2ae-6337-410a-82d7-890cb0c518cb.zip |
[2023-12-27 11:59:17] {main.py:195} INFO     - | [2023-12-27 08:59:17.592980] unknown:unknown 200 | 0.00 | GET | /docs |
[2023-12-27 11:59:17] {main.py:195} INFO     - | [2023-12-27 08:59:17.842654] unknown:unknown 200 | 0.01 | GET | /openapi.json |
[2023-12-27 11:59:26] {main.py:195} INFO     - | [2023-12-27 08:59:26.663541] unknown:unknown 200 | 0.01 | POST | /upload_file |
[2023-12-27 11:59:39] {main.py:195} INFO     - | [2023-12-27 08:59:39.153941] unknown:unknown 200 | 0.02 | GET | /download_file/6f650ee6-4492-4df1-bfae-a95c7fcf05d9 |
[2023-12-27 12:14:04] {main.py:198} INFO     - | [2023-12-27 09:14:04.951475] unknown:unknown 200 | 0.00 | GET | /docs |
[2023-12-27 12:14:05] {main.py:198} INFO     - | [2023-12-27 09:14:05.286006] unknown:unknown 200 | 0.01 | GET | /openapi.json |
[2023-12-27 12:14:25] {main.py:198} INFO     - | [2023-12-27 09:14:25.257080] unknown:unknown 200 | 0.00 | GET | / |
[2023-12-27 12:15:02] {main.py:198} INFO     - | [2023-12-27 09:15:02.578441] unknown:unknown 200 | 0.00 | GET | / |
[2023-12-27 12:15:02] {main.py:198} INFO     - | [2023-12-27 09:15:02.704560] unknown:unknown 404 | 0.00 | GET | /favicon.ico |
[2023-12-27 12:15:07] {main.py:198} INFO     - | [2023-12-27 09:15:07.228783] unknown:unknown 405 | 0.00 | GET | /int_to_roman |
[2023-12-27 12:17:27] {main.py:198} INFO     - | [2023-12-27 09:17:27.308414] unknown:unknown 200 | 0.00 | GET | / |
[2023-12-27 12:17:27] {main.py:198} INFO     - | [2023-12-27 09:17:27.541431] unknown:unknown 404 | 0.00 | GET | /favicon.ico |
[2023-12-27 12:17:29] {main.py:198} INFO     - | [2023-12-27 09:17:29.938420] unknown:unknown 422 | 0.01 | POST | /int_to_roman |
[2023-12-27 12:17:34] {main.py:198} INFO     - | [2023-12-27 09:17:34.620307] unknown:unknown 422 | 0.00 | POST | /int_to_roman |
[2023-12-27 12:44:30] {main.py:198} INFO     - | [2023-12-27 09:44:30.538246] unknown:unknown 200 | 0.00 | GET | / |
[2023-12-27 12:44:32] {main.py:198} INFO     - | [2023-12-27 09:44:32.814130] unknown:unknown 405 | 0.00 | GET | /int_to_roman |
[2023-12-27 12:44:33] {main.py:198} INFO     - | [2023-12-27 09:44:33.789228] unknown:unknown 405 | 0.00 | GET | /int_to_roman |
[2023-12-27 12:44:34] {main.py:198} INFO     - | [2023-12-27 09:44:34.080917] unknown:unknown 405 | 0.00 | GET | /int_to_roman |
[2023-12-27 12:44:34] {main.py:198} INFO     - | [2023-12-27 09:44:34.329512] unknown:unknown 405 | 0.00 | GET | /int_to_roman |
[2023-12-27 12:45:50] {main.py:198} INFO     - | [2023-12-27 09:45:50.142739] unknown:unknown 200 | 0.00 | GET | / |
[2023-12-27 12:45:52] {main.py:198} INFO     - | [2023-12-27 09:45:52.319490] unknown:unknown 405 | 0.00 | GET | /int_to_roman |
[2023-12-27 12:45:53] {main.py:198} INFO     - | [2023-12-27 09:45:53.148859] unknown:unknown 405 | 0.00 | GET | /int_to_roman |
[2023-12-27 12:45:53] {main.py:198} INFO     - | [2023-12-27 09:45:53.369107] unknown:unknown 405 | 0.00 | GET | /int_to_roman |
[2023-12-27 12:48:01] {main.py:198} INFO     - | [2023-12-27 09:48:01.434309] unknown:unknown 200 | 0.00 | GET | / |
[2023-12-27 12:48:03] {main.py:198} INFO     - | [2023-12-27 09:48:03.211434] unknown:unknown 405 | 0.00 | GET | /int_to_roman |
[2023-12-27 12:50:06] {main.py:198} INFO     - | [2023-12-27 09:50:06.690754] unknown:unknown 405 | 0.00 | GET | / |
